********************************************************************************
product = Open Liberty 23.0.0.1 (wlp-1.0.73.cl230120230123-2118)
wlp.install.dir = /home/anasnounas/Projects/projects_managment/target/liberty/wlp/
java.home = /usr/lib/jvm/java-11-openjdk-amd64
java.version = 11.0.17
java.runtime = OpenJDK Runtime Environment (11.0.17+8-post-Ubuntu-1ubuntu222.04)
os = Linux (5.19.0-32-generic; amd64) (en_US)
process = 238369@anass-computer
Classpath = /home/anasnounas/Projects/projects_managment/target/liberty/wlp/bin/tools/ws-server.jar
Java Library path = /usr/java/packages/lib:/usr/lib/x86_64-linux-gnu/jni:/lib/x86_64-linux-gnu:/usr/lib/x86_64-linux-gnu:/usr/lib/jni:/lib:/usr/lib
********************************************************************************
[3/3/23, 19:28:33:440 WEST] 00000001 com.ibm.ws.kernel.launch.internal.FrameworkManager           A CWWKE0001I: The server projects_managmentServer has been launched.
[3/3/23, 19:28:58:930 WEST] 00000001 com.ibm.ws.kernel.launch.internal.FrameworkManager           I CWWKE0002I: The kernel started after 26.895 seconds
[3/3/23, 19:28:59:049 WEST] 00000026 com.ibm.ws.kernel.feature.internal.FeatureManager            I CWWKF0007I: Feature update started.
[3/3/23, 19:29:02:282 WEST] 0000001a com.ibm.ws.app.manager.internal.monitor.DropinMonitor        A CWWKZ0058I: Monitoring dropins for applications.
[3/3/23, 19:29:04:395 WEST] 00000034 com.ibm.ws.app.manager.AppMessageHelper                      I CWWKZ0018I: Starting application projects_managment.
[3/3/23, 19:29:04:395 WEST] 00000034 bm.ws.app.manager.war.internal.WARDeployedAppInfoFactoryImpl I CWWKZ0134I: The projects_managment application is using the loose application definition at the /home/anasnounas/Projects/projects_managment/target/liberty/wlp/usr/servers/projects_managmentServer/apps/projects_managment.war.xml location.
[3/3/23, 19:29:05:530 WEST] 00000034 com.ibm.ws.session.WASSessionCore                            I SESN8501I: The session manager did not find a persistent storage location; HttpSession objects will be stored in the local application server's memory.
[3/3/23, 19:29:05:558 WEST] 00000034 com.ibm.ws.webcontainer.osgi.webapp.WebGroup                 I SRVE0169I: Loading Web Module: Hello Servlet.
[3/3/23, 19:29:05:559 WEST] 00000034 com.ibm.ws.webcontainer                                      I SRVE0250I: Web Module Hello Servlet has been bound to default_host.
[3/3/23, 19:29:05:560 WEST] 00000034 com.ibm.ws.http.internal.VirtualHostImpl                     A CWWKT0016I: Web application available (default_host): http://localhost:9080/projects_managment/
[3/3/23, 19:29:06:122 WEST] 0000002f com.ibm.ws.session.WASSessionCore                            I SESN0176I: A new session context will be created for application key default_host/projects_managment
[3/3/23, 19:29:06:152 WEST] 0000002f com.ibm.ws.util                                              I SESN0172I: The session manager is using the Java default SecureRandom implementation for session ID generation.
[3/3/23, 19:29:06:331 WEST] 0000002f com.ibm.ws.app.manager.AppMessageHelper                      A CWWKZ0001I: Application projects_managment started in 1.936 seconds.
[3/3/23, 19:29:06:351 WEST] 00000026 com.ibm.ws.tcpchannel.internal.TCPPort                       I CWWKO0219I: TCP Channel defaultHttpEndpoint has been started and is now listening for requests on host localhost  (IPv4: 127.0.0.1) port 9080.
[3/3/23, 19:29:06:399 WEST] 00000026 com.ibm.ws.kernel.feature.internal.FeatureManager            A CWWKF0012I: The server installed the following features: [el-3.0, jsp-2.3, servlet-3.1].
[3/3/23, 19:29:06:400 WEST] 00000026 com.ibm.ws.kernel.feature.internal.FeatureManager            I CWWKF0008I: Feature update completed in 7.473 seconds.
[3/3/23, 19:29:06:400 WEST] 00000026 com.ibm.ws.kernel.feature.internal.FeatureManager            A CWWKF0011I: The projects_managmentServer server is ready to run a smarter planet. The projects_managmentServer server started in 34.367 seconds.
[3/3/23, 19:29:07:761 WEST] 00000030 com.ibm.ws.webcontainer.osgi.mbeans.PluginGenerator          I SRVE9103I: A configuration file for a web server plugin was automatically generated for this server at /home/anasnounas/Projects/projects_managment/target/liberty/wlp/usr/servers/projects_managmentServer/logs/state/plugin-cfg.xml.
[3/3/23, 19:29:09:132 WEST] 00000027 com.ibm.ws.http.internal.VirtualHostImpl                     A CWWKT0017I: Web application removed (default_host): http://localhost:9080/projects_managment/
[3/3/23, 19:29:09:156 WEST] 00000027 com.ibm.ws.app.manager.AppMessageHelper                      A CWWKZ0009I: The application projects_managment has stopped successfully.
[3/3/23, 19:29:09:160 WEST] 00000027 com.ibm.ws.app.manager.AppMessageHelper                      I CWWKZ0018I: Starting application projects_managment.
[3/3/23, 19:29:09:161 WEST] 00000027 bm.ws.app.manager.war.internal.WARDeployedAppInfoFactoryImpl I CWWKZ0134I: The projects_managment application is using the loose application definition at the /home/anasnounas/Projects/projects_managment/target/liberty/wlp/usr/servers/projects_managmentServer/apps/projects_managment.war.xml location.
[3/3/23, 19:29:09:191 WEST] 00000027 com.ibm.ws.webcontainer.osgi.webapp.WebGroup                 I SRVE0169I: Loading Web Module: Hello Servlet.
[3/3/23, 19:29:09:191 WEST] 00000027 com.ibm.ws.webcontainer                                      I SRVE0250I: Web Module Hello Servlet has been bound to default_host.
[3/3/23, 19:29:09:192 WEST] 00000027 com.ibm.ws.http.internal.VirtualHostImpl                     A CWWKT0016I: Web application available (default_host): http://localhost:9080/projects_managment/
[3/3/23, 19:29:09:197 WEST] 0000002d com.ibm.ws.session.WASSessionCore                            I SESN0176I: A new session context will be created for application key default_host/projects_managment
[3/3/23, 19:29:09:198 WEST] 0000002d com.ibm.ws.util                                              I SESN0172I: The session manager is using the Java default SecureRandom implementation for session ID generation.
[3/3/23, 19:29:09:204 WEST] 0000002d com.ibm.ws.app.manager.AppMessageHelper                      A CWWKZ0003I: The application projects_managment updated in 0.043 seconds.
[3/3/23, 19:29:09:300 WEST] 0000002c com.ibm.ws.webcontainer.osgi.mbeans.PluginGenerator          I SRVE9103I: A configuration file for a web server plugin was automatically generated for this server at /home/anasnounas/Projects/projects_managment/target/liberty/wlp/usr/servers/projects_managmentServer/logs/state/plugin-cfg.xml.
[3/3/23, 19:29:09:396 WEST] 0000002e com.ibm.ws.webcontainer.osgi.mbeans.PluginGenerator          I SRVE9103I: A configuration file for a web server plugin was automatically generated for this server at /home/anasnounas/Projects/projects_managment/target/liberty/wlp/usr/servers/projects_managmentServer/logs/state/plugin-cfg.xml.
[3/3/23, 19:30:29:278 WEST] 00000027 com.ibm.ws.webcontainer.servlet                              I SRVE0242I: [projects_managment] [/projects_managment] [estm.dsic.HelloServlet]: Initialization successful.
[3/3/23, 19:34:05:079 WEST] 00000015 com.ibm.ws.kernel.launch.internal.FrameworkManager           A CWWKE0085I: The server projects_managmentServer is stopping because the JVM is exiting.
[3/3/23, 19:34:06:311 WEST] 0000003d com.ibm.ws.runtime.update.internal.RuntimeUpdateManagerImpl  A CWWKE1100I: Waiting for up to 30 seconds for the server to quiesce.
[3/3/23, 19:34:07:359 WEST] 00000030 com.ibm.ws.tcpchannel.internal.TCPChannel                    I CWWKO0220I: TCP Channel defaultHttpEndpoint has stopped listening for requests on host localhost  (IPv4: 127.0.0.1) port 9080.
[3/3/23, 19:34:07:393 WEST] 00000030 com.ibm.ws.http.internal.VirtualHostImpl                     A CWWKT0017I: Web application removed (default_host): http://localhost:9080/projects_managment/
[3/3/23, 19:34:08:399 WEST] 0000003d com.ibm.ws.runtime.update.internal.RuntimeUpdateManagerImpl  I CWWKE1101I: Server quiesce complete.
[3/3/23, 19:34:08:654 WEST] 0000002f com.ibm.ws.app.manager.AppMessageHelper                      A CWWKZ0009I: The application projects_managment has stopped successfully.
[3/3/23, 19:34:20:534 WEST] 00000001 com.ibm.ws.kernel.launch.internal.FrameworkManager           A CWWKE0036I: The server projects_managmentServer stopped after 5 minutes, 48.046 seconds.
